\BOOKMARK [0][-]{chapter.1}{Introduction}{}% 1
\BOOKMARK [0][-]{chapter.2}{Background}{}% 2
\BOOKMARK [1][-]{section.2.1}{Big Data Processing Paradigms}{chapter.2}% 3
\BOOKMARK [2][-]{subsection.2.1.1}{Batch Processing}{section.2.1}% 4
\BOOKMARK [2][-]{subsection.2.1.2}{Stream processing}{section.2.1}% 5
\BOOKMARK [2][-]{subsection.2.1.3}{Vertically Scaled Systems}{section.2.1}% 6
\BOOKMARK [1][-]{section.2.2}{Machine Learning Applications at scale}{chapter.2}% 7
\BOOKMARK [0][-]{chapter.3}{Motivation \046 Scope}{}% 8
\BOOKMARK [0][-]{chapter.4}{Design}{}% 9
\BOOKMARK [1][-]{section.4.1}{Overview}{chapter.4}% 10
\BOOKMARK [2][-]{subsection.4.1.1}{Hardware components}{section.4.1}% 11
\BOOKMARK [2][-]{subsection.4.1.2}{Software Architecture}{section.4.1}% 12
\BOOKMARK [2][-]{subsection.4.1.3}{Execution Modes}{section.4.1}% 13
\BOOKMARK [1][-]{section.4.2}{Naive Bayes}{chapter.4}% 14
\BOOKMARK [1][-]{section.4.3}{IO}{chapter.4}% 15
\BOOKMARK [2][-]{subsection.4.3.1}{Selectors}{section.4.3}% 16
\BOOKMARK [2][-]{subsection.4.3.2}{Protostuff}{section.4.3}% 17
\BOOKMARK [2][-]{subsection.4.3.3}{Transport}{section.4.3}% 18
\BOOKMARK [1][-]{section.4.4}{WindowManager}{chapter.4}% 19
\BOOKMARK [1][-]{section.4.5}{Accumulators}{chapter.4}% 20
\BOOKMARK [2][-]{subsection.4.5.1}{Index Instances}{section.4.5}% 21
\BOOKMARK [0][-]{chapter.5}{Implementation}{}% 22
\BOOKMARK [1][-]{section.5.1}{Overview}{chapter.5}% 23
\BOOKMARK [2][-]{subsection.5.1.1}{Data}{section.5.1}% 24
\BOOKMARK [2][-]{subsection.5.1.2}{Logic}{section.5.1}% 25
\BOOKMARK [2][-]{subsection.5.1.3}{Application Instantiation}{section.5.1}% 26
\BOOKMARK [2][-]{subsection.5.1.4}{DataStructures}{section.5.1}% 27
\BOOKMARK [1][-]{section.5.2}{Maven Modules}{chapter.5}% 28
\BOOKMARK [2][-]{subsection.5.2.1}{The Components}{section.5.2}% 29
\BOOKMARK [1][-]{section.5.3}{Configuration}{chapter.5}% 30
\BOOKMARK [1][-]{section.5.4}{Testing}{chapter.5}% 31
\BOOKMARK [2][-]{subsection.5.4.1}{Unit Tests}{section.5.4}% 32
\BOOKMARK [2][-]{subsection.5.4.2}{Functional Tests}{section.5.4}% 33
\BOOKMARK [2][-]{subsection.5.4.3}{Integration Tests}{section.5.4}% 34
\BOOKMARK [2][-]{subsection.5.4.4}{Performance Tests}{section.5.4}% 35
\BOOKMARK [2][-]{subsection.5.4.5}{Load Tests}{section.5.4}% 36
\BOOKMARK [0][-]{chapter.6}{Performance}{}% 37
\BOOKMARK [1][-]{section.6.1}{Classification Performance}{chapter.6}% 38
\BOOKMARK [2][-]{subsection.6.1.1}{Synthetic Test}{section.6.1}% 39
\BOOKMARK [2][-]{subsection.6.1.2}{Adult Wages}{section.6.1}% 40
\BOOKMARK [2][-]{subsection.6.1.3}{Space Shuttle}{section.6.1}% 41
\BOOKMARK [1][-]{section.6.2}{Throughput Performance}{chapter.6}% 42
\BOOKMARK [0][-]{chapter.7}{Conclusions}{}% 43
\BOOKMARK [1][-]{section.7.1}{Results}{chapter.7}% 44
\BOOKMARK [2][-]{subsection.7.1.1}{Synthetic Test}{section.7.1}% 45
\BOOKMARK [2][-]{subsection.7.1.2}{Adult Wages}{section.7.1}% 46
\BOOKMARK [2][-]{subsection.7.1.3}{Shuttle StatLog}{section.7.1}% 47
\BOOKMARK [1][-]{section.7.2}{Limitations}{chapter.7}% 48
\BOOKMARK [1][-]{section.7.3}{Future Work}{chapter.7}% 49
\BOOKMARK [2][-]{subsection.7.3.1}{Additional Features}{section.7.3}% 50
\BOOKMARK [2][-]{subsection.7.3.2}{Further Analysis}{section.7.3}% 51
